<?xml version="1.0" encoding="UTF-8"?>
<!-- Generated by org.testng.reporters.JUnitXMLReporter -->
<testsuite ignored="0" hostname="LAPTOP-5JLV1DC3" failures="0" tests="4" name="Default test" time="31.434" errors="0" timestamp="2022-08-15T16:59:09 IST">
  <testcase classname="com.testng.beforeandafter.BeforeAndAfterMethod" name="navigateToRegistrationForm" time="1.72"/>
  <testcase classname="com.testng.beforeandafter.BeforeAndAfterMethod" name="navigateToAlertAndPopup" time="1.647"/>
  <testcase classname="com.testng.beforeandafter.BeforeAndAfterMethod" name="navigateToMultipleWindow" time="1.506"/>
  <testcase classname="com.testng.beforeandafter.BeforeAndAfterMethod" name="navigateToWebTable" time="1.617"/>
</testsuite> <!-- Default test -->
