<?xml version="1.0" encoding="UTF-8"?>
<!-- Generated by org.testng.reporters.JUnitXMLReporter -->
<testsuite ignored="0" hostname="LAPTOP-5JLV1DC3" failures="0" tests="5" name="Test" time="13.948" errors="0" timestamp="2022-09-07T20:07:24 IST">
  <testcase classname="com.testng.traning.TestNgDemoAssignment" name="launchingTheApplication" time="6.481"/>
  <testcase classname="com.testng.traning.TestNgDemoAssignment" name="navigateToRegistrationForm" time="2.145"/>
  <testcase classname="com.testng.traning.TestNgDemoAssignment" name="registerUser" time="5.009"/>
  <testcase classname="com.testng.traning.TestNgDemoAssignment" name="validateSuccessfulMessage" time="0.046"/>
  <testcase classname="com.testng.traning.TestNgDemoAssignment" name="closingTheApplication" time="0.168"/>
</testsuite> <!-- Test -->
