<?xml version="1.0" encoding="UTF-8"?>
<testng-results ignored="0" total="5" passed="5" failed="0" skipped="0">
  <reporter-output>
  </reporter-output>
  <suite started-at="2022-09-07T20:43:33 IST" name="RegressionSuite" finished-at="2022-09-07T20:43:48 IST" duration-ms="15107">
    <groups>
    </groups>
    <test started-at="2022-09-07T20:43:33 IST" name="Test" finished-at="2022-09-07T20:43:48 IST" duration-ms="15107">
      <class name="com.testng.traning.TestNgDemoAssignment">
        <test-method signature="launchingTheApplication()[pri:1, instance:com.testng.traning.TestNgDemoAssignment@120f102b]" started-at="2022-09-07T20:43:33 IST" name="launchingTheApplication" finished-at="2022-09-07T20:43:40 IST" duration-ms="6747" status="PASS">
          <reporter-output>
          </reporter-output>
        </test-method> <!-- launchingTheApplication -->
        <test-method signature="navigateToRegistrationForm()[pri:2, instance:com.testng.traning.TestNgDemoAssignment@120f102b]" started-at="2022-09-07T20:43:40 IST" name="navigateToRegistrationForm" finished-at="2022-09-07T20:43:42 IST" duration-ms="1648" status="PASS">
          <reporter-output>
          </reporter-output>
        </test-method> <!-- navigateToRegistrationForm -->
        <test-method signature="registerUser()[pri:3, instance:com.testng.traning.TestNgDemoAssignment@120f102b]" started-at="2022-09-07T20:43:42 IST" name="registerUser" finished-at="2022-09-07T20:43:46 IST" duration-ms="4209" status="PASS">
          <reporter-output>
          </reporter-output>
        </test-method> <!-- registerUser -->
        <test-method signature="validateSuccessfulMessage()[pri:4, instance:com.testng.traning.TestNgDemoAssignment@120f102b]" started-at="2022-09-07T20:43:46 IST" name="validateSuccessfulMessage" finished-at="2022-09-07T20:43:46 IST" duration-ms="32" status="PASS">
          <reporter-output>
          </reporter-output>
        </test-method> <!-- validateSuccessfulMessage -->
        <test-method signature="closingTheApplication()[pri:5, instance:com.testng.traning.TestNgDemoAssignment@120f102b]" started-at="2022-09-07T20:43:46 IST" name="closingTheApplication" finished-at="2022-09-07T20:43:48 IST" duration-ms="2416" status="PASS">
          <reporter-output>
          </reporter-output>
        </test-method> <!-- closingTheApplication -->
      </class> <!-- com.testng.traning.TestNgDemoAssignment -->
    </test> <!-- Test -->
  </suite> <!-- RegressionSuite -->
</testng-results>
