<?xml version="1.0" encoding="UTF-8"?>
<!-- Generated by org.testng.reporters.JUnitXMLReporter -->
<testsuite ignored="0" hostname="LAPTOP-5JLV1DC3" failures="0" tests="5" name="RegisterDemo" time="28.252" errors="0" timestamp="2022-09-07T17:34:59 IST">
  <testcase classname="com.testng.traning.TestNgDemoAssignment" name="launchingTheApplication" time="9.938"/>
  <testcase classname="com.testng.traning.TestNgDemoAssignment" name="navigateToRegistrationForm" time="7.241"/>
  <testcase classname="com.testng.traning.TestNgDemoAssignment" name="registerUser" time="8.48"/>
  <testcase classname="com.testng.traning.TestNgDemoAssignment" name="validateSuccessfulMessage" time="0.077"/>
  <testcase classname="com.testng.traning.TestNgDemoAssignment" name="closingTheApplication" time="2.446"/>
</testsuite> <!-- RegisterDemo -->
