<?xml version="1.0" encoding="UTF-8"?>
<!-- Generated by org.testng.reporters.JUnitXMLReporter -->
<testsuite ignored="0" hostname="LAPTOP-5JLV1DC3" failures="0" tests="5" name="Test" time="15.107" errors="0" timestamp="2022-09-07T20:43:48 IST">
  <testcase classname="com.testng.traning.TestNgDemoAssignment" name="launchingTheApplication" time="6.747"/>
  <testcase classname="com.testng.traning.TestNgDemoAssignment" name="navigateToRegistrationForm" time="1.648"/>
  <testcase classname="com.testng.traning.TestNgDemoAssignment" name="registerUser" time="4.209"/>
  <testcase classname="com.testng.traning.TestNgDemoAssignment" name="validateSuccessfulMessage" time="0.032"/>
  <testcase classname="com.testng.traning.TestNgDemoAssignment" name="closingTheApplication" time="2.416"/>
</testsuite> <!-- Test -->
